<?xml version="1.0" encoding="UTF-8"?>
<testng-results skipped="0" failed="1" total="2" passed="1">
  <reporter-output>
  </reporter-output>
  <suite name="teespringtools" duration-ms="136370" started-at="2017-08-03T12:06:09Z" finished-at="2017-08-03T12:08:25Z">
    <groups>
    </groups>
    <test name="reportTest" duration-ms="136370" started-at="2017-08-03T12:06:09Z" finished-at="2017-08-03T12:08:25Z">
      <class name="com.mailer.Testcases.TeespringMailer">
        <test-method status="PASS" signature="beforeClass()[pri:0, instance:com.mailer.Testcases.TeespringMailer@725bef66]" name="beforeClass" is-config="true" duration-ms="24576" started-at="2017-08-03T17:36:09Z" finished-at="2017-08-03T17:36:33Z">
          <reporter-output>
          </reporter-output>
        </test-method> <!-- beforeClass -->
        <test-method status="PASS" signature="mailerGetImage()[pri:0, instance:com.mailer.Testcases.TeespringMailer@725bef66]" name="mailerGetImage" duration-ms="14376" started-at="2017-08-03T17:36:33Z" finished-at="2017-08-03T17:36:48Z">
          <reporter-output>
          </reporter-output>
        </test-method> <!-- mailerGetImage -->
        <test-method status="PASS" signature="tearDown(org.testng.ITestResult)[pri:0, instance:com.mailer.Testcases.TeespringMailer@725bef66]" name="tearDown" is-config="true" duration-ms="19142" started-at="2017-08-03T17:36:48Z" finished-at="2017-08-03T17:37:07Z">
          <params>
            <param index="0">
              <value>
                <![CDATA[[TestResult name=mailerGetImage status=SUCCESS method=TeespringMailer.mailerGetImage()[pri:0, instance:com.mailer.Testcases.TeespringMailer@725bef66] output={null}]]]>
              </value>
            </param>
          </params>
          <reporter-output>
          </reporter-output>
        </test-method> <!-- tearDown -->
      </class> <!-- com.mailer.Testcases.TeespringMailer -->
      <class name="com.mailer.Testcases.DmcaComplaint">
        <test-method status="PASS" signature="beforeClass()[pri:0, instance:com.mailer.Testcases.DmcaComplaint@2aaf7cc2]" name="beforeClass" is-config="true" duration-ms="59168" started-at="2017-08-03T17:37:07Z" finished-at="2017-08-03T17:38:06Z">
          <reporter-output>
          </reporter-output>
        </test-method> <!-- beforeClass -->
        <test-method status="FAIL" signature="dmcaimages()[pri:0, instance:com.mailer.Testcases.DmcaComplaint@2aaf7cc2]" name="dmcaimages" duration-ms="1174" started-at="2017-08-03T17:38:06Z" finished-at="2017-08-03T17:38:07Z">
          <exception class="org.openqa.selenium.NoSuchElementException">
            <message>
              <![CDATA[Unable to locate element: {"method":"xpath","selector":"//tr[td[contains(text(),'Teespring DMCA Mailer')]]//td[3]/form/a"}
For documentation on this error, please visit: http://seleniumhq.org/exceptions/no_such_element.html
Build info: version: '2.53.1', revision: 'a36b8b1', time: '2016-06-30 17:37:03'
System info: host: '185-129-70-31', ip: '185.129.70.31', os.name: 'windows', os.arch: 'x86', os.version: '5.2', java.version: '1.8.0_40'
Driver info: driver.version: unknown
Command duration or timeout: 1.17 seconds
For documentation on this error, please visit: http://seleniumhq.org/exceptions/no_such_element.html
Build info: version: '2.51.0', revision: '1af067d', time: '2016-02-05 19:15:17'
System info: host: 'ad-PC', ip: '192.168.0.9', os.name: 'Windows 7', os.arch: 'amd64', os.version: '6.1', java.version: '1.8.0_45'
Driver info: org.openqa.selenium.remote.RemoteWebDriver
Capabilities [{applicationCacheEnabled=false, rotatable=false, handlesAlerts=true, databaseEnabled=true, version=47.0.1, platform=WINDOWS, nativeEvents=false, acceptSslCerts=false, webdriver.remote.sessionid=05947254ae524161ccbc087c35c76d3f044f9c2a, webStorageEnabled=true, locationContextEnabled=true, browserName=firefox, takesScreenshot=true, javascriptEnabled=true, cssSelectorsEnabled=true}]
Session ID: 05947254ae524161ccbc087c35c76d3f044f9c2a
*** Element info: {Using=xpath, value=//tr[td[contains(text(),'Teespring DMCA Mailer')]]//td[3]/form/a}]]>
            </message>
            <full-stacktrace>
              <![CDATA[org.openqa.selenium.NoSuchElementException: Unable to locate element: {"method":"xpath","selector":"//tr[td[contains(text(),'Teespring DMCA Mailer')]]//td[3]/form/a"}
For documentation on this error, please visit: http://seleniumhq.org/exceptions/no_such_element.html
Build info: version: '2.53.1', revision: 'a36b8b1', time: '2016-06-30 17:37:03'
System info: host: '185-129-70-31', ip: '185.129.70.31', os.name: 'windows', os.arch: 'x86', os.version: '5.2', java.version: '1.8.0_40'
Driver info: driver.version: unknown
Command duration or timeout: 1.17 seconds
For documentation on this error, please visit: http://seleniumhq.org/exceptions/no_such_element.html
Build info: version: '2.51.0', revision: '1af067d', time: '2016-02-05 19:15:17'
System info: host: 'ad-PC', ip: '192.168.0.9', os.name: 'Windows 7', os.arch: 'amd64', os.version: '6.1', java.version: '1.8.0_45'
Driver info: org.openqa.selenium.remote.RemoteWebDriver
Capabilities [{applicationCacheEnabled=false, rotatable=false, handlesAlerts=true, databaseEnabled=true, version=47.0.1, platform=WINDOWS, nativeEvents=false, acceptSslCerts=false, webdriver.remote.sessionid=05947254ae524161ccbc087c35c76d3f044f9c2a, webStorageEnabled=true, locationContextEnabled=true, browserName=firefox, takesScreenshot=true, javascriptEnabled=true, cssSelectorsEnabled=true}]
Session ID: 05947254ae524161ccbc087c35c76d3f044f9c2a
*** Element info: {Using=xpath, value=//tr[td[contains(text(),'Teespring DMCA Mailer')]]//td[3]/form/a}
	at sun.reflect.NativeConstructorAccessorImpl.newInstance0(Native Method)
	at sun.reflect.NativeConstructorAccessorImpl.newInstance(Unknown Source)
	at sun.reflect.DelegatingConstructorAccessorImpl.newInstance(Unknown Source)
	at java.lang.reflect.Constructor.newInstance(Unknown Source)
	at org.openqa.selenium.remote.ErrorHandler.createThrowable(ErrorHandler.java:206)
	at org.openqa.selenium.remote.ErrorHandler.throwIfResponseFailed(ErrorHandler.java:158)
	at org.openqa.selenium.remote.RemoteWebDriver.execute(RemoteWebDriver.java:678)
	at org.openqa.selenium.remote.RemoteWebDriver.findElement(RemoteWebDriver.java:363)
	at org.openqa.selenium.remote.RemoteWebDriver.findElementByXPath(RemoteWebDriver.java:500)
	at org.openqa.selenium.By$ByXPath.findElement(By.java:361)
	at org.openqa.selenium.remote.RemoteWebDriver.findElement(RemoteWebDriver.java:355)
	at com.pageclasses.DmcaMailer.dmca(DmcaMailer.java:28)
	at com.pageclasses.DmcaMailer.getDmcaImages(DmcaMailer.java:75)
	at com.mailer.Testcases.DmcaComplaint.dmcaimages(DmcaComplaint.java:71)
	at sun.reflect.NativeMethodAccessorImpl.invoke0(Native Method)
	at sun.reflect.NativeMethodAccessorImpl.invoke(Unknown Source)
	at sun.reflect.DelegatingMethodAccessorImpl.invoke(Unknown Source)
	at java.lang.reflect.Method.invoke(Unknown Source)
	at org.testng.internal.MethodInvocationHelper.invokeMethod(MethodInvocationHelper.java:85)
	at org.testng.internal.Invoker.invokeMethod(Invoker.java:639)
	at org.testng.internal.Invoker.invokeTestMethod(Invoker.java:816)
	at org.testng.internal.Invoker.invokeTestMethods(Invoker.java:1124)
	at org.testng.internal.TestMethodWorker.invokeTestMethods(TestMethodWorker.java:124)
	at org.testng.internal.TestMethodWorker.run(TestMethodWorker.java:108)
	at org.testng.TestRunner.privateRun(TestRunner.java:773)
	at org.testng.TestRunner.run(TestRunner.java:623)
	at org.testng.SuiteRunner.runTest(SuiteRunner.java:359)
	at org.testng.SuiteRunner.runSequentially(SuiteRunner.java:354)
	at org.testng.SuiteRunner.privateRun(SuiteRunner.java:312)
	at org.testng.SuiteRunner.run(SuiteRunner.java:261)
	at org.testng.SuiteRunnerWorker.runSuite(SuiteRunnerWorker.java:52)
	at org.testng.SuiteRunnerWorker.run(SuiteRunnerWorker.java:86)
	at org.testng.TestNG.runSuitesSequentially(TestNG.java:1185)
	at org.testng.TestNG.runSuitesLocally(TestNG.java:1110)
	at org.testng.TestNG.run(TestNG.java:1018)
	at org.testng.remote.RemoteTestNG.run(RemoteTestNG.java:112)
	at org.testng.remote.RemoteTestNG.initAndRun(RemoteTestNG.java:205)
	at org.testng.remote.RemoteTestNG.main(RemoteTestNG.java:176)
Caused by: org.openqa.selenium.remote.ScreenshotException: Screen shot has been taken
Build info: version: '2.51.0', revision: '1af067d', time: '2016-02-05 19:15:17'
System info: host: 'ad-PC', ip: '192.168.0.9', os.name: 'Windows 7', os.arch: 'amd64', os.version: '6.1', java.version: '1.8.0_45'
Driver info: driver.version: RemoteWebDriver
	at org.openqa.selenium.remote.ErrorHandler.throwIfResponseFailed(ErrorHandler.java:138)
	... 32 more
Caused by: org.openqa.selenium.NoSuchElementException: Unable to locate element: {"method":"xpath","selector":"//tr[td[contains(text(),'Teespring DMCA Mailer')]]//td[3]/form/a"}
For documentation on this error, please visit: http://seleniumhq.org/exceptions/no_such_element.html
Build info: version: '2.53.1', revision: 'a36b8b1', time: '2016-06-30 17:37:03'
System info: host: '185-129-70-31', ip: '185.129.70.31', os.name: 'windows', os.arch: 'x86', os.version: '5.2', java.version: '1.8.0_40'
Driver info: driver.version: unknown
For documentation on this error, please visit: http://seleniumhq.org/exceptions/no_such_element.html
Build info: version: '2.51.0', revision: '1af067d', time: '2016-02-05 19:15:17'
System info: host: 'ad-PC', ip: '192.168.0.9', os.name: 'Windows 7', os.arch: 'amd64', os.version: '6.1', java.version: '1.8.0_45'
Driver info: driver.version: unknown
	at <anonymous class>.FirefoxDriver.prototype.findElementInternal_(file:///C:/Windows/proxy/anonymous5202517336134644296webdriver-profile/extensions/fxdriver@googlecode.com/components/driver-component.js:10770)
	at <anonymous class>.FirefoxDriver.prototype.findElement(file:///C:/Windows/proxy/anonymous5202517336134644296webdriver-profile/extensions/fxdriver@googlecode.com/components/driver-component.js:10779)
	at <anonymous class>.DelayedCommand.prototype.executeInternal_/h(file:///C:/Windows/proxy/anonymous5202517336134644296webdriver-profile/extensions/fxdriver@googlecode.com/components/command-processor.js:12661)
	at <anonymous class>.DelayedCommand.prototype.executeInternal_(file:///C:/Windows/proxy/anonymous5202517336134644296webdriver-profile/extensions/fxdriver@googlecode.com/components/command-processor.js:12666)
	at <anonymous class>.DelayedCommand.prototype.execute/<(file:///C:/Windows/proxy/anonymous5202517336134644296webdriver-profile/extensions/fxdriver@googlecode.com/components/command-processor.js:12608)
]]>
            </full-stacktrace>
          </exception> <!-- org.openqa.selenium.NoSuchElementException -->
          <reporter-output>
          </reporter-output>
        </test-method> <!-- dmcaimages -->
        <test-method status="PASS" signature="tearDown(org.testng.ITestResult)[pri:0, instance:com.mailer.Testcases.DmcaComplaint@2aaf7cc2]" name="tearDown" is-config="true" duration-ms="17780" started-at="2017-08-03T17:38:07Z" finished-at="2017-08-03T17:38:25Z">
          <params>
            <param index="0">
              <value>
                <![CDATA[[TestResult name=dmcaimages status=FAILURE method=DmcaComplaint.dmcaimages()[pri:0, instance:com.mailer.Testcases.DmcaComplaint@2aaf7cc2] output={null}]]]>
              </value>
            </param>
          </params>
          <reporter-output>
          </reporter-output>
        </test-method> <!-- tearDown -->
      </class> <!-- com.mailer.Testcases.DmcaComplaint -->
    </test> <!-- reportTest -->
  </suite> <!-- teespringtools -->
</testng-results>
